2022-08-03 11:52:04.194  INFO 78833 --- [main] c.e.S.M.SpringBootMongoDbApplication     : Starting SpringBootMongoDbApplication using Java 18.0.1.1 on LTB0273208-Mac.local with PID 78833 (/Users/b0273208/Downloads/SpringBoot-MongoDB/target/classes started by b0273208 in /Users/b0273208/Downloads/SpringBoot-MongoDB)
2022-08-03 11:52:04.227  INFO 78833 --- [main] c.e.S.M.SpringBootMongoDbApplication     : The following 1 profile is active: "repo"
2022-08-03 11:52:05.504  INFO 78833 --- [main] .s.d.r.c.RepositoryConfigurationDelegate : Multiple Spring Data modules found, entering strict repository configuration mode
2022-08-03 11:52:05.506  INFO 78833 --- [main] .s.d.r.c.RepositoryConfigurationDelegate : Bootstrapping Spring Data Elasticsearch repositories in DEFAULT mode.
2022-08-03 11:52:05.563  INFO 78833 --- [main] .RepositoryConfigurationExtensionSupport : Spring Data Elasticsearch - Could not safely identify store assignment for repository candidate interface com.example.SpringBoot.MongoDB.repository.BookRepository; If you want this repository to be a Elasticsearch repository, consider annotating your entities with one of these annotations: org.springframework.data.elasticsearch.annotations.Document (preferred), or consider extending one of the following types with your repository: org.springframework.data.elasticsearch.repository.ElasticsearchRepository, org.springframework.data.elasticsearch.repository.ElasticsearchRepository
2022-08-03 11:52:05.564  INFO 78833 --- [main] .s.d.r.c.RepositoryConfigurationDelegate : Finished Spring Data repository scanning in 52 ms. Found 0 Elasticsearch repository interfaces.
2022-08-03 11:52:05.575  INFO 78833 --- [main] .s.d.r.c.RepositoryConfigurationDelegate : Multiple Spring Data modules found, entering strict repository configuration mode
2022-08-03 11:52:05.575  INFO 78833 --- [main] .s.d.r.c.RepositoryConfigurationDelegate : Bootstrapping Spring Data Reactive Elasticsearch repositories in DEFAULT mode.
2022-08-03 11:52:05.584  INFO 78833 --- [main] .RepositoryConfigurationExtensionSupport : Spring Data Reactive Elasticsearch - Could not safely identify store assignment for repository candidate interface com.example.SpringBoot.MongoDB.repository.BookRepository; If you want this repository to be a Reactive Elasticsearch repository, consider annotating your entities with one of these annotations: org.springframework.data.elasticsearch.annotations.Document (preferred), or consider extending one of the following types with your repository: org.springframework.data.elasticsearch.repository.ReactiveElasticsearchRepository
2022-08-03 11:52:05.584  INFO 78833 --- [main] .s.d.r.c.RepositoryConfigurationDelegate : Finished Spring Data repository scanning in 8 ms. Found 0 Reactive Elasticsearch repository interfaces.
2022-08-03 11:52:05.627  INFO 78833 --- [main] .s.d.r.c.RepositoryConfigurationDelegate : Multiple Spring Data modules found, entering strict repository configuration mode
2022-08-03 11:52:05.629  INFO 78833 --- [main] .s.d.r.c.RepositoryConfigurationDelegate : Bootstrapping Spring Data MongoDB repositories in DEFAULT mode.
2022-08-03 11:52:05.671  INFO 78833 --- [main] .s.d.r.c.RepositoryConfigurationDelegate : Finished Spring Data repository scanning in 40 ms. Found 1 MongoDB repository interfaces.
2022-08-03 11:52:06.563  INFO 78833 --- [main] o.s.b.w.embedded.tomcat.TomcatWebServer  : Tomcat initialized with port(s): 8080 (http)
2022-08-03 11:52:06.577  INFO 78833 --- [main] o.apache.catalina.core.StandardService   : Starting service [Tomcat]
2022-08-03 11:52:06.578  INFO 78833 --- [main] org.apache.catalina.core.StandardEngine  : Starting Servlet engine: [Apache Tomcat/9.0.65]
2022-08-03 11:52:06.729  INFO 78833 --- [main] o.a.c.c.C.[Tomcat].[localhost].[/]       : Initializing Spring embedded WebApplicationContext
2022-08-03 11:52:06.730  INFO 78833 --- [main] w.s.c.ServletWebServerApplicationContext : Root WebApplicationContext: initialization completed in 2315 ms
2022-08-03 11:52:07.280  INFO 78833 --- [main] org.mongodb.driver.client                : MongoClient with metadata {"driver": {"name": "mongo-java-driver|sync|spring-boot", "version": "4.6.1"}, "os": {"type": "Darwin", "name": "Mac OS X", "architecture": "x86_64", "version": "12.2.1"}, "platform": "Java/Oracle Corporation/18.0.1.1+2-6"} created with settings MongoClientSettings{readPreference=primary, writeConcern=WriteConcern{w=null, wTimeout=null ms, journal=null}, retryWrites=true, retryReads=true, readConcern=ReadConcern{level=null}, credential=null, streamFactoryFactory=null, commandListeners=[], codecRegistry=ProvidersCodecRegistry{codecProviders=[ValueCodecProvider{}, BsonValueCodecProvider{}, DBRefCodecProvider{}, DBObjectCodecProvider{}, DocumentCodecProvider{}, IterableCodecProvider{}, MapCodecProvider{}, GeoJsonCodecProvider{}, GridFSFileCodecProvider{}, Jsr310CodecProvider{}, JsonObjectCodecProvider{}, BsonCodecProvider{}, EnumCodecProvider{}, com.mongodb.Jep395RecordCodecProvider@52b06bef]}, clusterSettings={hosts=[localhost:27017], srvServiceName=mongodb, mode=SINGLE, requiredClusterType=UNKNOWN, requiredReplicaSetName='null', serverSelector='null', clusterListeners='[]', serverSelectionTimeout='30000 ms', localThreshold='30000 ms'}, socketSettings=SocketSettings{connectTimeoutMS=10000, readTimeoutMS=0, receiveBufferSize=0, sendBufferSize=0}, heartbeatSocketSettings=SocketSettings{connectTimeoutMS=10000, readTimeoutMS=10000, receiveBufferSize=0, sendBufferSize=0}, connectionPoolSettings=ConnectionPoolSettings{maxSize=100, minSize=0, maxWaitTimeMS=120000, maxConnectionLifeTimeMS=0, maxConnectionIdleTimeMS=0, maintenanceInitialDelayMS=0, maintenanceFrequencyMS=60000, connectionPoolListeners=[], maxConnecting=2}, serverSettings=ServerSettings{heartbeatFrequencyMS=10000, minHeartbeatFrequencyMS=500, serverListeners='[]', serverMonitorListeners='[]'}, sslSettings=SslSettings{enabled=false, invalidHostNameAllowed=false, context=null}, applicationName='null', compressorList=[], uuidRepresentation=JAVA_LEGACY, serverApi=null, autoEncryptionSettings=null, contextProvider=null}
2022-08-03 11:52:07.329  INFO 78833 --- [cluster-ClusterId{value='62ea140f2009ff0bcdb24968', description='null'}-localhost:27017] org.mongodb.driver.connection            : Opened connection [connectionId{localValue:2, serverValue:178}] to localhost:27017
2022-08-03 11:52:07.329  INFO 78833 --- [cluster-rtt-ClusterId{value='62ea140f2009ff0bcdb24968', description='null'}-localhost:27017] org.mongodb.driver.connection            : Opened connection [connectionId{localValue:1, serverValue:179}] to localhost:27017
2022-08-03 11:52:07.331  INFO 78833 --- [cluster-ClusterId{value='62ea140f2009ff0bcdb24968', description='null'}-localhost:27017] org.mongodb.driver.cluster               : Monitor thread successfully connected to server with description ServerDescription{address=localhost:27017, type=STANDALONE, state=CONNECTED, ok=true, minWireVersion=0, maxWireVersion=17, maxDocumentSize=16777216, logicalSessionTimeoutMinutes=30, roundTripTimeNanos=30622334}
2022-08-03 11:52:07.481  WARN 78833 --- [main] o.s.data.convert.CustomConversions       : Registering converter from class java.time.LocalDateTime to class org.joda.time.LocalDateTime as reading converter although it doesn't convert from a store-supported type; You might want to check your annotation setup at the converter implementation
2022-08-03 11:52:07.685  WARN 78833 --- [main] o.s.data.convert.CustomConversions       : Registering converter from class java.time.LocalDateTime to class org.joda.time.LocalDateTime as reading converter although it doesn't convert from a store-supported type; You might want to check your annotation setup at the converter implementation
2022-08-03 11:52:09.760  INFO 78833 --- [main] o.s.b.w.embedded.tomcat.TomcatWebServer  : Tomcat started on port(s): 8080 (http) with context path ''
2022-08-03 11:52:09.786  INFO 78833 --- [main] c.e.S.M.SpringBootMongoDbApplication     : Started SpringBootMongoDbApplication in 6.461 seconds (JVM running for 7.398)
2022-08-03 11:52:39.992  INFO 78833 --- [http-nio-8080-exec-1] o.a.c.c.C.[Tomcat].[localhost].[/]       : Initializing Spring DispatcherServlet 'dispatcherServlet'
2022-08-03 11:52:39.993  INFO 78833 --- [http-nio-8080-exec-1] o.s.web.servlet.DispatcherServlet        : Initializing Servlet 'dispatcherServlet'
2022-08-03 11:52:40.007  INFO 78833 --- [http-nio-8080-exec-1] o.s.web.servlet.DispatcherServlet        : Completed initialization in 14 ms
2022-08-03 11:52:40.305  INFO 78833 --- [http-nio-8080-exec-1] org.mongodb.driver.connection            : Opened connection [connectionId{localValue:3, serverValue:180}] to localhost:27017
2022-08-03 11:52:40.428  INFO 78833 --- [http-nio-8080-exec-1] c.e.S.MongoDB.resources.BookController   : 3 book found
2022-08-03 11:53:34.174 ERROR 78833 --- [http-nio-8080-exec-3] c.e.S.MongoDB.resources.BookController   : Unable to find book with id: null
2022-08-03 11:53:42.215  INFO 78883 --- [main] c.e.S.M.SpringBootMongoDbApplication     : Starting SpringBootMongoDbApplication using Java 18.0.1.1 on LTB0273208-Mac.local with PID 78883 (/Users/b0273208/Downloads/SpringBoot-MongoDB/target/classes started by b0273208 in /Users/b0273208/Downloads/SpringBoot-MongoDB)
2022-08-03 11:53:42.222  INFO 78883 --- [main] c.e.S.M.SpringBootMongoDbApplication     : The following 1 profile is active: "repo"
2022-08-03 11:53:43.307  INFO 78883 --- [main] .s.d.r.c.RepositoryConfigurationDelegate : Multiple Spring Data modules found, entering strict repository configuration mode
2022-08-03 11:53:43.309  INFO 78883 --- [main] .s.d.r.c.RepositoryConfigurationDelegate : Bootstrapping Spring Data Elasticsearch repositories in DEFAULT mode.
2022-08-03 11:53:43.367  INFO 78883 --- [main] .RepositoryConfigurationExtensionSupport : Spring Data Elasticsearch - Could not safely identify store assignment for repository candidate interface com.example.SpringBoot.MongoDB.repository.BookRepository; If you want this repository to be a Elasticsearch repository, consider annotating your entities with one of these annotations: org.springframework.data.elasticsearch.annotations.Document (preferred), or consider extending one of the following types with your repository: org.springframework.data.elasticsearch.repository.ElasticsearchRepository, org.springframework.data.elasticsearch.repository.ElasticsearchRepository
2022-08-03 11:53:43.368  INFO 78883 --- [main] .s.d.r.c.RepositoryConfigurationDelegate : Finished Spring Data repository scanning in 54 ms. Found 0 Elasticsearch repository interfaces.
2022-08-03 11:53:43.389  INFO 78883 --- [main] .s.d.r.c.RepositoryConfigurationDelegate : Multiple Spring Data modules found, entering strict repository configuration mode
2022-08-03 11:53:43.390  INFO 78883 --- [main] .s.d.r.c.RepositoryConfigurationDelegate : Bootstrapping Spring Data Reactive Elasticsearch repositories in DEFAULT mode.
2022-08-03 11:53:43.398  INFO 78883 --- [main] .RepositoryConfigurationExtensionSupport : Spring Data Reactive Elasticsearch - Could not safely identify store assignment for repository candidate interface com.example.SpringBoot.MongoDB.repository.BookRepository; If you want this repository to be a Reactive Elasticsearch repository, consider annotating your entities with one of these annotations: org.springframework.data.elasticsearch.annotations.Document (preferred), or consider extending one of the following types with your repository: org.springframework.data.elasticsearch.repository.ReactiveElasticsearchRepository
2022-08-03 11:53:43.399  INFO 78883 --- [main] .s.d.r.c.RepositoryConfigurationDelegate : Finished Spring Data repository scanning in 8 ms. Found 0 Reactive Elasticsearch repository interfaces.
2022-08-03 11:53:43.467  INFO 78883 --- [main] .s.d.r.c.RepositoryConfigurationDelegate : Multiple Spring Data modules found, entering strict repository configuration mode
2022-08-03 11:53:43.468  INFO 78883 --- [main] .s.d.r.c.RepositoryConfigurationDelegate : Bootstrapping Spring Data MongoDB repositories in DEFAULT mode.
2022-08-03 11:53:43.533  INFO 78883 --- [main] .s.d.r.c.RepositoryConfigurationDelegate : Finished Spring Data repository scanning in 64 ms. Found 1 MongoDB repository interfaces.
2022-08-03 11:53:44.396  INFO 78883 --- [main] o.s.b.w.embedded.tomcat.TomcatWebServer  : Tomcat initialized with port(s): 8080 (http)
2022-08-03 11:53:44.406  INFO 78883 --- [main] o.apache.catalina.core.StandardService   : Starting service [Tomcat]
2022-08-03 11:53:44.407  INFO 78883 --- [main] org.apache.catalina.core.StandardEngine  : Starting Servlet engine: [Apache Tomcat/9.0.65]
2022-08-03 11:53:44.611  INFO 78883 --- [main] o.a.c.c.C.[Tomcat].[localhost].[/]       : Initializing Spring embedded WebApplicationContext
2022-08-03 11:53:44.613  INFO 78883 --- [main] w.s.c.ServletWebServerApplicationContext : Root WebApplicationContext: initialization completed in 2266 ms
2022-08-03 11:53:45.205  INFO 78883 --- [main] org.mongodb.driver.client                : MongoClient with metadata {"driver": {"name": "mongo-java-driver|sync|spring-boot", "version": "4.6.1"}, "os": {"type": "Darwin", "name": "Mac OS X", "architecture": "x86_64", "version": "12.2.1"}, "platform": "Java/Oracle Corporation/18.0.1.1+2-6"} created with settings MongoClientSettings{readPreference=primary, writeConcern=WriteConcern{w=null, wTimeout=null ms, journal=null}, retryWrites=true, retryReads=true, readConcern=ReadConcern{level=null}, credential=null, streamFactoryFactory=null, commandListeners=[], codecRegistry=ProvidersCodecRegistry{codecProviders=[ValueCodecProvider{}, BsonValueCodecProvider{}, DBRefCodecProvider{}, DBObjectCodecProvider{}, DocumentCodecProvider{}, IterableCodecProvider{}, MapCodecProvider{}, GeoJsonCodecProvider{}, GridFSFileCodecProvider{}, Jsr310CodecProvider{}, JsonObjectCodecProvider{}, BsonCodecProvider{}, EnumCodecProvider{}, com.mongodb.Jep395RecordCodecProvider@2be95d31]}, clusterSettings={hosts=[localhost:27017], srvServiceName=mongodb, mode=SINGLE, requiredClusterType=UNKNOWN, requiredReplicaSetName='null', serverSelector='null', clusterListeners='[]', serverSelectionTimeout='30000 ms', localThreshold='30000 ms'}, socketSettings=SocketSettings{connectTimeoutMS=10000, readTimeoutMS=0, receiveBufferSize=0, sendBufferSize=0}, heartbeatSocketSettings=SocketSettings{connectTimeoutMS=10000, readTimeoutMS=10000, receiveBufferSize=0, sendBufferSize=0}, connectionPoolSettings=ConnectionPoolSettings{maxSize=100, minSize=0, maxWaitTimeMS=120000, maxConnectionLifeTimeMS=0, maxConnectionIdleTimeMS=0, maintenanceInitialDelayMS=0, maintenanceFrequencyMS=60000, connectionPoolListeners=[], maxConnecting=2}, serverSettings=ServerSettings{heartbeatFrequencyMS=10000, minHeartbeatFrequencyMS=500, serverListeners='[]', serverMonitorListeners='[]'}, sslSettings=SslSettings{enabled=false, invalidHostNameAllowed=false, context=null}, applicationName='null', compressorList=[], uuidRepresentation=JAVA_LEGACY, serverApi=null, autoEncryptionSettings=null, contextProvider=null}
2022-08-03 11:53:45.254  INFO 78883 --- [cluster-ClusterId{value='62ea14716c7a50756ffe77e4', description='null'}-localhost:27017] org.mongodb.driver.connection            : Opened connection [connectionId{localValue:1, serverValue:182}] to localhost:27017
2022-08-03 11:53:45.254  INFO 78883 --- [cluster-rtt-ClusterId{value='62ea14716c7a50756ffe77e4', description='null'}-localhost:27017] org.mongodb.driver.connection            : Opened connection [connectionId{localValue:2, serverValue:181}] to localhost:27017
2022-08-03 11:53:45.255  INFO 78883 --- [cluster-ClusterId{value='62ea14716c7a50756ffe77e4', description='null'}-localhost:27017] org.mongodb.driver.cluster               : Monitor thread successfully connected to server with description ServerDescription{address=localhost:27017, type=STANDALONE, state=CONNECTED, ok=true, minWireVersion=0, maxWireVersion=17, maxDocumentSize=16777216, logicalSessionTimeoutMinutes=30, roundTripTimeNanos=36018125}
2022-08-03 11:53:45.404  WARN 78883 --- [main] o.s.data.convert.CustomConversions       : Registering converter from class java.time.LocalDateTime to class org.joda.time.LocalDateTime as reading converter although it doesn't convert from a store-supported type; You might want to check your annotation setup at the converter implementation
2022-08-03 11:53:45.577  WARN 78883 --- [main] o.s.data.convert.CustomConversions       : Registering converter from class java.time.LocalDateTime to class org.joda.time.LocalDateTime as reading converter although it doesn't convert from a store-supported type; You might want to check your annotation setup at the converter implementation
2022-08-03 11:53:47.613  INFO 78883 --- [main] o.s.b.w.embedded.tomcat.TomcatWebServer  : Tomcat started on port(s): 8080 (http) with context path ''
2022-08-03 11:53:47.637  INFO 78883 --- [main] c.e.S.M.SpringBootMongoDbApplication     : Started SpringBootMongoDbApplication in 6.146 seconds (JVM running for 6.912)
2022-08-03 11:53:52.473  INFO 78883 --- [http-nio-8080-exec-2] o.a.c.c.C.[Tomcat].[localhost].[/]       : Initializing Spring DispatcherServlet 'dispatcherServlet'
2022-08-03 11:53:52.478  INFO 78883 --- [http-nio-8080-exec-2] o.s.web.servlet.DispatcherServlet        : Initializing Servlet 'dispatcherServlet'
2022-08-03 11:53:52.486  INFO 78883 --- [http-nio-8080-exec-2] o.s.web.servlet.DispatcherServlet        : Completed initialization in 8 ms
2022-08-03 11:55:39.322  INFO 78883 --- [http-nio-8080-exec-2] org.mongodb.driver.connection            : Opened connection [connectionId{localValue:3, serverValue:183}] to localhost:27017
2022-08-03 11:55:39.452  INFO 78883 --- [http-nio-8080-exec-2] c.e.S.MongoDB.resources.BookController   : .Net book found
2022-08-03 11:55:48.550  INFO 78923 --- [main] c.e.S.M.SpringBootMongoDbApplication     : Starting SpringBootMongoDbApplication using Java 18.0.1.1 on LTB0273208-Mac.local with PID 78923 (/Users/b0273208/Downloads/SpringBoot-MongoDB/target/classes started by b0273208 in /Users/b0273208/Downloads/SpringBoot-MongoDB)
2022-08-03 11:55:48.556  INFO 78923 --- [main] c.e.S.M.SpringBootMongoDbApplication     : The following 1 profile is active: "repo"
2022-08-03 11:55:50.896  INFO 78923 --- [main] .s.d.r.c.RepositoryConfigurationDelegate : Multiple Spring Data modules found, entering strict repository configuration mode
2022-08-03 11:55:50.898  INFO 78923 --- [main] .s.d.r.c.RepositoryConfigurationDelegate : Bootstrapping Spring Data Elasticsearch repositories in DEFAULT mode.
2022-08-03 11:55:50.954  INFO 78923 --- [main] .RepositoryConfigurationExtensionSupport : Spring Data Elasticsearch - Could not safely identify store assignment for repository candidate interface com.example.SpringBoot.MongoDB.repository.BookRepository; If you want this repository to be a Elasticsearch repository, consider annotating your entities with one of these annotations: org.springframework.data.elasticsearch.annotations.Document (preferred), or consider extending one of the following types with your repository: org.springframework.data.elasticsearch.repository.ElasticsearchRepository, org.springframework.data.elasticsearch.repository.ElasticsearchRepository
2022-08-03 11:55:50.955  INFO 78923 --- [main] .s.d.r.c.RepositoryConfigurationDelegate : Finished Spring Data repository scanning in 53 ms. Found 0 Elasticsearch repository interfaces.
2022-08-03 11:55:50.964  INFO 78923 --- [main] .s.d.r.c.RepositoryConfigurationDelegate : Multiple Spring Data modules found, entering strict repository configuration mode
2022-08-03 11:55:50.965  INFO 78923 --- [main] .s.d.r.c.RepositoryConfigurationDelegate : Bootstrapping Spring Data Reactive Elasticsearch repositories in DEFAULT mode.
2022-08-03 11:55:50.971  INFO 78923 --- [main] .RepositoryConfigurationExtensionSupport : Spring Data Reactive Elasticsearch - Could not safely identify store assignment for repository candidate interface com.example.SpringBoot.MongoDB.repository.BookRepository; If you want this repository to be a Reactive Elasticsearch repository, consider annotating your entities with one of these annotations: org.springframework.data.elasticsearch.annotations.Document (preferred), or consider extending one of the following types with your repository: org.springframework.data.elasticsearch.repository.ReactiveElasticsearchRepository
2022-08-03 11:55:50.972  INFO 78923 --- [main] .s.d.r.c.RepositoryConfigurationDelegate : Finished Spring Data repository scanning in 6 ms. Found 0 Reactive Elasticsearch repository interfaces.
2022-08-03 11:55:51.007  INFO 78923 --- [main] .s.d.r.c.RepositoryConfigurationDelegate : Multiple Spring Data modules found, entering strict repository configuration mode
2022-08-03 11:55:51.008  INFO 78923 --- [main] .s.d.r.c.RepositoryConfigurationDelegate : Bootstrapping Spring Data MongoDB repositories in DEFAULT mode.
2022-08-03 11:55:51.057  INFO 78923 --- [main] .s.d.r.c.RepositoryConfigurationDelegate : Finished Spring Data repository scanning in 48 ms. Found 1 MongoDB repository interfaces.
2022-08-03 11:55:51.936  INFO 78923 --- [main] o.s.b.w.embedded.tomcat.TomcatWebServer  : Tomcat initialized with port(s): 8080 (http)
2022-08-03 11:55:51.954  INFO 78923 --- [main] o.apache.catalina.core.StandardService   : Starting service [Tomcat]
2022-08-03 11:55:51.955  INFO 78923 --- [main] org.apache.catalina.core.StandardEngine  : Starting Servlet engine: [Apache Tomcat/9.0.65]
2022-08-03 11:55:52.169  INFO 78923 --- [main] o.a.c.c.C.[Tomcat].[localhost].[/]       : Initializing Spring embedded WebApplicationContext
2022-08-03 11:55:52.171  INFO 78923 --- [main] w.s.c.ServletWebServerApplicationContext : Root WebApplicationContext: initialization completed in 3145 ms
2022-08-03 11:55:52.784  INFO 78923 --- [main] org.mongodb.driver.client                : MongoClient with metadata {"driver": {"name": "mongo-java-driver|sync|spring-boot", "version": "4.6.1"}, "os": {"type": "Darwin", "name": "Mac OS X", "architecture": "x86_64", "version": "12.2.1"}, "platform": "Java/Oracle Corporation/18.0.1.1+2-6"} created with settings MongoClientSettings{readPreference=primary, writeConcern=WriteConcern{w=null, wTimeout=null ms, journal=null}, retryWrites=true, retryReads=true, readConcern=ReadConcern{level=null}, credential=null, streamFactoryFactory=null, commandListeners=[], codecRegistry=ProvidersCodecRegistry{codecProviders=[ValueCodecProvider{}, BsonValueCodecProvider{}, DBRefCodecProvider{}, DBObjectCodecProvider{}, DocumentCodecProvider{}, IterableCodecProvider{}, MapCodecProvider{}, GeoJsonCodecProvider{}, GridFSFileCodecProvider{}, Jsr310CodecProvider{}, JsonObjectCodecProvider{}, BsonCodecProvider{}, EnumCodecProvider{}, com.mongodb.Jep395RecordCodecProvider@11eed657]}, clusterSettings={hosts=[localhost:27017], srvServiceName=mongodb, mode=SINGLE, requiredClusterType=UNKNOWN, requiredReplicaSetName='null', serverSelector='null', clusterListeners='[]', serverSelectionTimeout='30000 ms', localThreshold='30000 ms'}, socketSettings=SocketSettings{connectTimeoutMS=10000, readTimeoutMS=0, receiveBufferSize=0, sendBufferSize=0}, heartbeatSocketSettings=SocketSettings{connectTimeoutMS=10000, readTimeoutMS=10000, receiveBufferSize=0, sendBufferSize=0}, connectionPoolSettings=ConnectionPoolSettings{maxSize=100, minSize=0, maxWaitTimeMS=120000, maxConnectionLifeTimeMS=0, maxConnectionIdleTimeMS=0, maintenanceInitialDelayMS=0, maintenanceFrequencyMS=60000, connectionPoolListeners=[], maxConnecting=2}, serverSettings=ServerSettings{heartbeatFrequencyMS=10000, minHeartbeatFrequencyMS=500, serverListeners='[]', serverMonitorListeners='[]'}, sslSettings=SslSettings{enabled=false, invalidHostNameAllowed=false, context=null}, applicationName='null', compressorList=[], uuidRepresentation=JAVA_LEGACY, serverApi=null, autoEncryptionSettings=null, contextProvider=null}
2022-08-03 11:55:52.842  INFO 78923 --- [cluster-rtt-ClusterId{value='62ea14f0e9285322140e77d2', description='null'}-localhost:27017] org.mongodb.driver.connection            : Opened connection [connectionId{localValue:1, serverValue:184}] to localhost:27017
2022-08-03 11:55:52.842  INFO 78923 --- [cluster-ClusterId{value='62ea14f0e9285322140e77d2', description='null'}-localhost:27017] org.mongodb.driver.connection            : Opened connection [connectionId{localValue:2, serverValue:185}] to localhost:27017
2022-08-03 11:55:52.844  INFO 78923 --- [cluster-ClusterId{value='62ea14f0e9285322140e77d2', description='null'}-localhost:27017] org.mongodb.driver.cluster               : Monitor thread successfully connected to server with description ServerDescription{address=localhost:27017, type=STANDALONE, state=CONNECTED, ok=true, minWireVersion=0, maxWireVersion=17, maxDocumentSize=16777216, logicalSessionTimeoutMinutes=30, roundTripTimeNanos=33976542}
2022-08-03 11:55:53.000  WARN 78923 --- [main] o.s.data.convert.CustomConversions       : Registering converter from class java.time.LocalDateTime to class org.joda.time.LocalDateTime as reading converter although it doesn't convert from a store-supported type; You might want to check your annotation setup at the converter implementation
2022-08-03 11:55:53.257  WARN 78923 --- [main] o.s.data.convert.CustomConversions       : Registering converter from class java.time.LocalDateTime to class org.joda.time.LocalDateTime as reading converter although it doesn't convert from a store-supported type; You might want to check your annotation setup at the converter implementation
2022-08-03 11:55:55.160  INFO 78923 --- [main] o.s.b.w.embedded.tomcat.TomcatWebServer  : Tomcat started on port(s): 8080 (http) with context path ''
2022-08-03 11:55:55.176  INFO 78923 --- [main] c.e.S.M.SpringBootMongoDbApplication     : Started SpringBootMongoDbApplication in 7.423 seconds (JVM running for 8.157)
2022-08-03 11:56:07.660  INFO 78932 --- [main] c.e.S.M.SpringBootMongoDbApplication     : Starting SpringBootMongoDbApplication using Java 18.0.1.1 on LTB0273208-Mac.local with PID 78932 (/Users/b0273208/Downloads/SpringBoot-MongoDB/target/classes started by b0273208 in /Users/b0273208/Downloads/SpringBoot-MongoDB)
2022-08-03 11:56:07.666  INFO 78932 --- [main] c.e.S.M.SpringBootMongoDbApplication     : The following 1 profile is active: "repo"
2022-08-03 11:56:08.824  INFO 78932 --- [main] .s.d.r.c.RepositoryConfigurationDelegate : Multiple Spring Data modules found, entering strict repository configuration mode
2022-08-03 11:56:08.827  INFO 78932 --- [main] .s.d.r.c.RepositoryConfigurationDelegate : Bootstrapping Spring Data Elasticsearch repositories in DEFAULT mode.
2022-08-03 11:56:08.887  INFO 78932 --- [main] .RepositoryConfigurationExtensionSupport : Spring Data Elasticsearch - Could not safely identify store assignment for repository candidate interface com.example.SpringBoot.MongoDB.repository.BookRepository; If you want this repository to be a Elasticsearch repository, consider annotating your entities with one of these annotations: org.springframework.data.elasticsearch.annotations.Document (preferred), or consider extending one of the following types with your repository: org.springframework.data.elasticsearch.repository.ElasticsearchRepository, org.springframework.data.elasticsearch.repository.ElasticsearchRepository
2022-08-03 11:56:08.888  INFO 78932 --- [main] .s.d.r.c.RepositoryConfigurationDelegate : Finished Spring Data repository scanning in 57 ms. Found 0 Elasticsearch repository interfaces.
2022-08-03 11:56:08.901  INFO 78932 --- [main] .s.d.r.c.RepositoryConfigurationDelegate : Multiple Spring Data modules found, entering strict repository configuration mode
2022-08-03 11:56:08.902  INFO 78932 --- [main] .s.d.r.c.RepositoryConfigurationDelegate : Bootstrapping Spring Data Reactive Elasticsearch repositories in DEFAULT mode.
2022-08-03 11:56:08.909  INFO 78932 --- [main] .RepositoryConfigurationExtensionSupport : Spring Data Reactive Elasticsearch - Could not safely identify store assignment for repository candidate interface com.example.SpringBoot.MongoDB.repository.BookRepository; If you want this repository to be a Reactive Elasticsearch repository, consider annotating your entities with one of these annotations: org.springframework.data.elasticsearch.annotations.Document (preferred), or consider extending one of the following types with your repository: org.springframework.data.elasticsearch.repository.ReactiveElasticsearchRepository
2022-08-03 11:56:08.910  INFO 78932 --- [main] .s.d.r.c.RepositoryConfigurationDelegate : Finished Spring Data repository scanning in 7 ms. Found 0 Reactive Elasticsearch repository interfaces.
2022-08-03 11:56:08.946  INFO 78932 --- [main] .s.d.r.c.RepositoryConfigurationDelegate : Multiple Spring Data modules found, entering strict repository configuration mode
2022-08-03 11:56:08.946  INFO 78932 --- [main] .s.d.r.c.RepositoryConfigurationDelegate : Bootstrapping Spring Data MongoDB repositories in DEFAULT mode.
2022-08-03 11:56:08.992  INFO 78932 --- [main] .s.d.r.c.RepositoryConfigurationDelegate : Finished Spring Data repository scanning in 45 ms. Found 1 MongoDB repository interfaces.
2022-08-03 11:56:09.875  INFO 78932 --- [main] o.s.b.w.embedded.tomcat.TomcatWebServer  : Tomcat initialized with port(s): 8080 (http)
2022-08-03 11:56:09.886  INFO 78932 --- [main] o.apache.catalina.core.StandardService   : Starting service [Tomcat]
2022-08-03 11:56:09.886  INFO 78932 --- [main] org.apache.catalina.core.StandardEngine  : Starting Servlet engine: [Apache Tomcat/9.0.65]
2022-08-03 11:56:10.037  INFO 78932 --- [main] o.a.c.c.C.[Tomcat].[localhost].[/]       : Initializing Spring embedded WebApplicationContext
2022-08-03 11:56:10.039  INFO 78932 --- [main] w.s.c.ServletWebServerApplicationContext : Root WebApplicationContext: initialization completed in 2194 ms
2022-08-03 11:56:10.550  INFO 78932 --- [main] org.mongodb.driver.client                : MongoClient with metadata {"driver": {"name": "mongo-java-driver|sync|spring-boot", "version": "4.6.1"}, "os": {"type": "Darwin", "name": "Mac OS X", "architecture": "x86_64", "version": "12.2.1"}, "platform": "Java/Oracle Corporation/18.0.1.1+2-6"} created with settings MongoClientSettings{readPreference=primary, writeConcern=WriteConcern{w=null, wTimeout=null ms, journal=null}, retryWrites=true, retryReads=true, readConcern=ReadConcern{level=null}, credential=null, streamFactoryFactory=null, commandListeners=[], codecRegistry=ProvidersCodecRegistry{codecProviders=[ValueCodecProvider{}, BsonValueCodecProvider{}, DBRefCodecProvider{}, DBObjectCodecProvider{}, DocumentCodecProvider{}, IterableCodecProvider{}, MapCodecProvider{}, GeoJsonCodecProvider{}, GridFSFileCodecProvider{}, Jsr310CodecProvider{}, JsonObjectCodecProvider{}, BsonCodecProvider{}, EnumCodecProvider{}, com.mongodb.Jep395RecordCodecProvider@32e652b6]}, clusterSettings={hosts=[localhost:27017], srvServiceName=mongodb, mode=SINGLE, requiredClusterType=UNKNOWN, requiredReplicaSetName='null', serverSelector='null', clusterListeners='[]', serverSelectionTimeout='30000 ms', localThreshold='30000 ms'}, socketSettings=SocketSettings{connectTimeoutMS=10000, readTimeoutMS=0, receiveBufferSize=0, sendBufferSize=0}, heartbeatSocketSettings=SocketSettings{connectTimeoutMS=10000, readTimeoutMS=10000, receiveBufferSize=0, sendBufferSize=0}, connectionPoolSettings=ConnectionPoolSettings{maxSize=100, minSize=0, maxWaitTimeMS=120000, maxConnectionLifeTimeMS=0, maxConnectionIdleTimeMS=0, maintenanceInitialDelayMS=0, maintenanceFrequencyMS=60000, connectionPoolListeners=[], maxConnecting=2}, serverSettings=ServerSettings{heartbeatFrequencyMS=10000, minHeartbeatFrequencyMS=500, serverListeners='[]', serverMonitorListeners='[]'}, sslSettings=SslSettings{enabled=false, invalidHostNameAllowed=false, context=null}, applicationName='null', compressorList=[], uuidRepresentation=JAVA_LEGACY, serverApi=null, autoEncryptionSettings=null, contextProvider=null}
2022-08-03 11:56:10.597  INFO 78932 --- [cluster-rtt-ClusterId{value='62ea15029c3c300deaf3d26f', description='null'}-localhost:27017] org.mongodb.driver.connection            : Opened connection [connectionId{localValue:1, serverValue:186}] to localhost:27017
2022-08-03 11:56:10.597  INFO 78932 --- [cluster-ClusterId{value='62ea15029c3c300deaf3d26f', description='null'}-localhost:27017] org.mongodb.driver.connection            : Opened connection [connectionId{localValue:2, serverValue:187}] to localhost:27017
2022-08-03 11:56:10.601  INFO 78932 --- [cluster-ClusterId{value='62ea15029c3c300deaf3d26f', description='null'}-localhost:27017] org.mongodb.driver.cluster               : Monitor thread successfully connected to server with description ServerDescription{address=localhost:27017, type=STANDALONE, state=CONNECTED, ok=true, minWireVersion=0, maxWireVersion=17, maxDocumentSize=16777216, logicalSessionTimeoutMinutes=30, roundTripTimeNanos=32638625}
2022-08-03 11:56:10.731  WARN 78932 --- [main] o.s.data.convert.CustomConversions       : Registering converter from class java.time.LocalDateTime to class org.joda.time.LocalDateTime as reading converter although it doesn't convert from a store-supported type; You might want to check your annotation setup at the converter implementation
2022-08-03 11:56:10.911  WARN 78932 --- [main] o.s.data.convert.CustomConversions       : Registering converter from class java.time.LocalDateTime to class org.joda.time.LocalDateTime as reading converter although it doesn't convert from a store-supported type; You might want to check your annotation setup at the converter implementation
2022-08-03 11:56:12.886  INFO 78932 --- [main] o.s.b.w.embedded.tomcat.TomcatWebServer  : Tomcat started on port(s): 8080 (http) with context path ''
2022-08-03 11:56:12.909  INFO 78932 --- [main] c.e.S.M.SpringBootMongoDbApplication     : Started SpringBootMongoDbApplication in 5.995 seconds (JVM running for 6.713)
2022-08-03 11:56:25.250  INFO 78948 --- [main] c.e.S.M.SpringBootMongoDbApplication     : Starting SpringBootMongoDbApplication using Java 18.0.1.1 on LTB0273208-Mac.local with PID 78948 (/Users/b0273208/Downloads/SpringBoot-MongoDB/target/classes started by b0273208 in /Users/b0273208/Downloads/SpringBoot-MongoDB)
2022-08-03 11:56:25.253  INFO 78948 --- [main] c.e.S.M.SpringBootMongoDbApplication     : The following 1 profile is active: "repo"
2022-08-03 11:56:26.422  INFO 78948 --- [main] .s.d.r.c.RepositoryConfigurationDelegate : Multiple Spring Data modules found, entering strict repository configuration mode
2022-08-03 11:56:26.424  INFO 78948 --- [main] .s.d.r.c.RepositoryConfigurationDelegate : Bootstrapping Spring Data Elasticsearch repositories in DEFAULT mode.
2022-08-03 11:56:26.487  INFO 78948 --- [main] .RepositoryConfigurationExtensionSupport : Spring Data Elasticsearch - Could not safely identify store assignment for repository candidate interface com.example.SpringBoot.MongoDB.repository.BookRepository; If you want this repository to be a Elasticsearch repository, consider annotating your entities with one of these annotations: org.springframework.data.elasticsearch.annotations.Document (preferred), or consider extending one of the following types with your repository: org.springframework.data.elasticsearch.repository.ElasticsearchRepository, org.springframework.data.elasticsearch.repository.ElasticsearchRepository
2022-08-03 11:56:26.489  INFO 78948 --- [main] .s.d.r.c.RepositoryConfigurationDelegate : Finished Spring Data repository scanning in 60 ms. Found 0 Elasticsearch repository interfaces.
2022-08-03 11:56:26.498  INFO 78948 --- [main] .s.d.r.c.RepositoryConfigurationDelegate : Multiple Spring Data modules found, entering strict repository configuration mode
2022-08-03 11:56:26.498  INFO 78948 --- [main] .s.d.r.c.RepositoryConfigurationDelegate : Bootstrapping Spring Data Reactive Elasticsearch repositories in DEFAULT mode.
2022-08-03 11:56:26.505  INFO 78948 --- [main] .RepositoryConfigurationExtensionSupport : Spring Data Reactive Elasticsearch - Could not safely identify store assignment for repository candidate interface com.example.SpringBoot.MongoDB.repository.BookRepository; If you want this repository to be a Reactive Elasticsearch repository, consider annotating your entities with one of these annotations: org.springframework.data.elasticsearch.annotations.Document (preferred), or consider extending one of the following types with your repository: org.springframework.data.elasticsearch.repository.ReactiveElasticsearchRepository
2022-08-03 11:56:26.505  INFO 78948 --- [main] .s.d.r.c.RepositoryConfigurationDelegate : Finished Spring Data repository scanning in 6 ms. Found 0 Reactive Elasticsearch repository interfaces.
2022-08-03 11:56:26.541  INFO 78948 --- [main] .s.d.r.c.RepositoryConfigurationDelegate : Multiple Spring Data modules found, entering strict repository configuration mode
2022-08-03 11:56:26.541  INFO 78948 --- [main] .s.d.r.c.RepositoryConfigurationDelegate : Bootstrapping Spring Data MongoDB repositories in DEFAULT mode.
2022-08-03 11:56:26.583  INFO 78948 --- [main] .s.d.r.c.RepositoryConfigurationDelegate : Finished Spring Data repository scanning in 41 ms. Found 1 MongoDB repository interfaces.
2022-08-03 11:56:27.433  INFO 78948 --- [main] o.s.b.w.embedded.tomcat.TomcatWebServer  : Tomcat initialized with port(s): 8080 (http)
2022-08-03 11:56:27.445  INFO 78948 --- [main] o.apache.catalina.core.StandardService   : Starting service [Tomcat]
2022-08-03 11:56:27.446  INFO 78948 --- [main] org.apache.catalina.core.StandardEngine  : Starting Servlet engine: [Apache Tomcat/9.0.65]
2022-08-03 11:56:27.635  INFO 78948 --- [main] o.a.c.c.C.[Tomcat].[localhost].[/]       : Initializing Spring embedded WebApplicationContext
2022-08-03 11:56:27.636  INFO 78948 --- [main] w.s.c.ServletWebServerApplicationContext : Root WebApplicationContext: initialization completed in 2205 ms
2022-08-03 11:56:28.148  INFO 78948 --- [main] org.mongodb.driver.client                : MongoClient with metadata {"driver": {"name": "mongo-java-driver|sync|spring-boot", "version": "4.6.1"}, "os": {"type": "Darwin", "name": "Mac OS X", "architecture": "x86_64", "version": "12.2.1"}, "platform": "Java/Oracle Corporation/18.0.1.1+2-6"} created with settings MongoClientSettings{readPreference=primary, writeConcern=WriteConcern{w=null, wTimeout=null ms, journal=null}, retryWrites=true, retryReads=true, readConcern=ReadConcern{level=null}, credential=null, streamFactoryFactory=null, commandListeners=[], codecRegistry=ProvidersCodecRegistry{codecProviders=[ValueCodecProvider{}, BsonValueCodecProvider{}, DBRefCodecProvider{}, DBObjectCodecProvider{}, DocumentCodecProvider{}, IterableCodecProvider{}, MapCodecProvider{}, GeoJsonCodecProvider{}, GridFSFileCodecProvider{}, Jsr310CodecProvider{}, JsonObjectCodecProvider{}, BsonCodecProvider{}, EnumCodecProvider{}, com.mongodb.Jep395RecordCodecProvider@5a0bef24]}, clusterSettings={hosts=[localhost:27017], srvServiceName=mongodb, mode=SINGLE, requiredClusterType=UNKNOWN, requiredReplicaSetName='null', serverSelector='null', clusterListeners='[]', serverSelectionTimeout='30000 ms', localThreshold='30000 ms'}, socketSettings=SocketSettings{connectTimeoutMS=10000, readTimeoutMS=0, receiveBufferSize=0, sendBufferSize=0}, heartbeatSocketSettings=SocketSettings{connectTimeoutMS=10000, readTimeoutMS=10000, receiveBufferSize=0, sendBufferSize=0}, connectionPoolSettings=ConnectionPoolSettings{maxSize=100, minSize=0, maxWaitTimeMS=120000, maxConnectionLifeTimeMS=0, maxConnectionIdleTimeMS=0, maintenanceInitialDelayMS=0, maintenanceFrequencyMS=60000, connectionPoolListeners=[], maxConnecting=2}, serverSettings=ServerSettings{heartbeatFrequencyMS=10000, minHeartbeatFrequencyMS=500, serverListeners='[]', serverMonitorListeners='[]'}, sslSettings=SslSettings{enabled=false, invalidHostNameAllowed=false, context=null}, applicationName='null', compressorList=[], uuidRepresentation=JAVA_LEGACY, serverApi=null, autoEncryptionSettings=null, contextProvider=null}
2022-08-03 11:56:28.219  INFO 78948 --- [cluster-ClusterId{value='62ea1514a3b8c03039ef0028', description='null'}-localhost:27017] org.mongodb.driver.connection            : Opened connection [connectionId{localValue:2, serverValue:189}] to localhost:27017
2022-08-03 11:56:28.219  INFO 78948 --- [cluster-rtt-ClusterId{value='62ea1514a3b8c03039ef0028', description='null'}-localhost:27017] org.mongodb.driver.connection            : Opened connection [connectionId{localValue:1, serverValue:188}] to localhost:27017
2022-08-03 11:56:28.220  INFO 78948 --- [cluster-ClusterId{value='62ea1514a3b8c03039ef0028', description='null'}-localhost:27017] org.mongodb.driver.cluster               : Monitor thread successfully connected to server with description ServerDescription{address=localhost:27017, type=STANDALONE, state=CONNECTED, ok=true, minWireVersion=0, maxWireVersion=17, maxDocumentSize=16777216, logicalSessionTimeoutMinutes=30, roundTripTimeNanos=37374584}
2022-08-03 11:56:28.359  WARN 78948 --- [main] o.s.data.convert.CustomConversions       : Registering converter from class java.time.LocalDateTime to class org.joda.time.LocalDateTime as reading converter although it doesn't convert from a store-supported type; You might want to check your annotation setup at the converter implementation
2022-08-03 11:56:28.582  WARN 78948 --- [main] o.s.data.convert.CustomConversions       : Registering converter from class java.time.LocalDateTime to class org.joda.time.LocalDateTime as reading converter although it doesn't convert from a store-supported type; You might want to check your annotation setup at the converter implementation
2022-08-03 11:56:30.797  INFO 78948 --- [main] o.s.b.w.embedded.tomcat.TomcatWebServer  : Tomcat started on port(s): 8080 (http) with context path ''
2022-08-03 11:56:30.869  INFO 78948 --- [main] c.e.S.M.SpringBootMongoDbApplication     : Started SpringBootMongoDbApplication in 6.348 seconds (JVM running for 7.089)
2022-08-03 11:58:36.848  INFO 78996 --- [main] c.e.S.M.SpringBootMongoDbApplication     : Starting SpringBootMongoDbApplication using Java 18.0.1.1 on LTB0273208-Mac.local with PID 78996 (/Users/b0273208/Downloads/SpringBoot-MongoDB/target/classes started by b0273208 in /Users/b0273208/Downloads/SpringBoot-MongoDB)
2022-08-03 11:58:36.854  INFO 78996 --- [main] c.e.S.M.SpringBootMongoDbApplication     : The following 1 profile is active: "repo"
2022-08-03 11:58:38.067  INFO 78996 --- [main] .s.d.r.c.RepositoryConfigurationDelegate : Multiple Spring Data modules found, entering strict repository configuration mode
2022-08-03 11:58:38.069  INFO 78996 --- [main] .s.d.r.c.RepositoryConfigurationDelegate : Bootstrapping Spring Data Elasticsearch repositories in DEFAULT mode.
2022-08-03 11:58:38.132  INFO 78996 --- [main] .RepositoryConfigurationExtensionSupport : Spring Data Elasticsearch - Could not safely identify store assignment for repository candidate interface com.example.SpringBoot.MongoDB.repository.BookRepository; If you want this repository to be a Elasticsearch repository, consider annotating your entities with one of these annotations: org.springframework.data.elasticsearch.annotations.Document (preferred), or consider extending one of the following types with your repository: org.springframework.data.elasticsearch.repository.ElasticsearchRepository, org.springframework.data.elasticsearch.repository.ElasticsearchRepository
2022-08-03 11:58:38.132  INFO 78996 --- [main] .s.d.r.c.RepositoryConfigurationDelegate : Finished Spring Data repository scanning in 59 ms. Found 0 Elasticsearch repository interfaces.
2022-08-03 11:58:38.139  INFO 78996 --- [main] .s.d.r.c.RepositoryConfigurationDelegate : Multiple Spring Data modules found, entering strict repository configuration mode
2022-08-03 11:58:38.140  INFO 78996 --- [main] .s.d.r.c.RepositoryConfigurationDelegate : Bootstrapping Spring Data Reactive Elasticsearch repositories in DEFAULT mode.
2022-08-03 11:58:38.147  INFO 78996 --- [main] .RepositoryConfigurationExtensionSupport : Spring Data Reactive Elasticsearch - Could not safely identify store assignment for repository candidate interface com.example.SpringBoot.MongoDB.repository.BookRepository; If you want this repository to be a Reactive Elasticsearch repository, consider annotating your entities with one of these annotations: org.springframework.data.elasticsearch.annotations.Document (preferred), or consider extending one of the following types with your repository: org.springframework.data.elasticsearch.repository.ReactiveElasticsearchRepository
2022-08-03 11:58:38.147  INFO 78996 --- [main] .s.d.r.c.RepositoryConfigurationDelegate : Finished Spring Data repository scanning in 7 ms. Found 0 Reactive Elasticsearch repository interfaces.
2022-08-03 11:58:38.193  INFO 78996 --- [main] .s.d.r.c.RepositoryConfigurationDelegate : Multiple Spring Data modules found, entering strict repository configuration mode
2022-08-03 11:58:38.193  INFO 78996 --- [main] .s.d.r.c.RepositoryConfigurationDelegate : Bootstrapping Spring Data MongoDB repositories in DEFAULT mode.
2022-08-03 11:58:38.246  INFO 78996 --- [main] .s.d.r.c.RepositoryConfigurationDelegate : Finished Spring Data repository scanning in 53 ms. Found 1 MongoDB repository interfaces.
2022-08-03 11:58:39.074  INFO 78996 --- [main] o.s.b.w.embedded.tomcat.TomcatWebServer  : Tomcat initialized with port(s): 8080 (http)
2022-08-03 11:58:39.090  INFO 78996 --- [main] o.apache.catalina.core.StandardService   : Starting service [Tomcat]
2022-08-03 11:58:39.090  INFO 78996 --- [main] org.apache.catalina.core.StandardEngine  : Starting Servlet engine: [Apache Tomcat/9.0.65]
2022-08-03 11:58:39.252  INFO 78996 --- [main] o.a.c.c.C.[Tomcat].[localhost].[/]       : Initializing Spring embedded WebApplicationContext
2022-08-03 11:58:39.254  INFO 78996 --- [main] w.s.c.ServletWebServerApplicationContext : Root WebApplicationContext: initialization completed in 2256 ms
2022-08-03 11:58:39.840  INFO 78996 --- [main] org.mongodb.driver.client                : MongoClient with metadata {"driver": {"name": "mongo-java-driver|sync|spring-boot", "version": "4.6.1"}, "os": {"type": "Darwin", "name": "Mac OS X", "architecture": "x86_64", "version": "12.2.1"}, "platform": "Java/Oracle Corporation/18.0.1.1+2-6"} created with settings MongoClientSettings{readPreference=primary, writeConcern=WriteConcern{w=null, wTimeout=null ms, journal=null}, retryWrites=true, retryReads=true, readConcern=ReadConcern{level=null}, credential=null, streamFactoryFactory=null, commandListeners=[], codecRegistry=ProvidersCodecRegistry{codecProviders=[ValueCodecProvider{}, BsonValueCodecProvider{}, DBRefCodecProvider{}, DBObjectCodecProvider{}, DocumentCodecProvider{}, IterableCodecProvider{}, MapCodecProvider{}, GeoJsonCodecProvider{}, GridFSFileCodecProvider{}, Jsr310CodecProvider{}, JsonObjectCodecProvider{}, BsonCodecProvider{}, EnumCodecProvider{}, com.mongodb.Jep395RecordCodecProvider@12a14b74]}, clusterSettings={hosts=[localhost:27017], srvServiceName=mongodb, mode=SINGLE, requiredClusterType=UNKNOWN, requiredReplicaSetName='null', serverSelector='null', clusterListeners='[]', serverSelectionTimeout='30000 ms', localThreshold='30000 ms'}, socketSettings=SocketSettings{connectTimeoutMS=10000, readTimeoutMS=0, receiveBufferSize=0, sendBufferSize=0}, heartbeatSocketSettings=SocketSettings{connectTimeoutMS=10000, readTimeoutMS=10000, receiveBufferSize=0, sendBufferSize=0}, connectionPoolSettings=ConnectionPoolSettings{maxSize=100, minSize=0, maxWaitTimeMS=120000, maxConnectionLifeTimeMS=0, maxConnectionIdleTimeMS=0, maintenanceInitialDelayMS=0, maintenanceFrequencyMS=60000, connectionPoolListeners=[], maxConnecting=2}, serverSettings=ServerSettings{heartbeatFrequencyMS=10000, minHeartbeatFrequencyMS=500, serverListeners='[]', serverMonitorListeners='[]'}, sslSettings=SslSettings{enabled=false, invalidHostNameAllowed=false, context=null}, applicationName='null', compressorList=[], uuidRepresentation=JAVA_LEGACY, serverApi=null, autoEncryptionSettings=null, contextProvider=null}
2022-08-03 11:58:39.941  INFO 78996 --- [cluster-rtt-ClusterId{value='62ea1597a04a1367d2e7399b', description='null'}-localhost:27017] org.mongodb.driver.connection            : Opened connection [connectionId{localValue:1, serverValue:191}] to localhost:27017
2022-08-03 11:58:39.941  INFO 78996 --- [cluster-ClusterId{value='62ea1597a04a1367d2e7399b', description='null'}-localhost:27017] org.mongodb.driver.connection            : Opened connection [connectionId{localValue:2, serverValue:190}] to localhost:27017
2022-08-03 11:58:39.944  INFO 78996 --- [cluster-ClusterId{value='62ea1597a04a1367d2e7399b', description='null'}-localhost:27017] org.mongodb.driver.cluster               : Monitor thread successfully connected to server with description ServerDescription{address=localhost:27017, type=STANDALONE, state=CONNECTED, ok=true, minWireVersion=0, maxWireVersion=17, maxDocumentSize=16777216, logicalSessionTimeoutMinutes=30, roundTripTimeNanos=75558083}
2022-08-03 11:58:40.142  WARN 78996 --- [main] o.s.data.convert.CustomConversions       : Registering converter from class java.time.LocalDateTime to class org.joda.time.LocalDateTime as reading converter although it doesn't convert from a store-supported type; You might want to check your annotation setup at the converter implementation
2022-08-03 11:58:40.317  WARN 78996 --- [main] o.s.data.convert.CustomConversions       : Registering converter from class java.time.LocalDateTime to class org.joda.time.LocalDateTime as reading converter although it doesn't convert from a store-supported type; You might want to check your annotation setup at the converter implementation
2022-08-03 11:58:42.393  INFO 78996 --- [main] o.s.b.w.embedded.tomcat.TomcatWebServer  : Tomcat started on port(s): 8080 (http) with context path ''
2022-08-03 11:58:42.416  INFO 78996 --- [main] c.e.S.M.SpringBootMongoDbApplication     : Started SpringBootMongoDbApplication in 6.341 seconds (JVM running for 8.048)
2022-08-03 11:59:22.331  INFO 78996 --- [http-nio-8080-exec-2] o.a.c.c.C.[Tomcat].[localhost].[/]       : Initializing Spring DispatcherServlet 'dispatcherServlet'
2022-08-03 11:59:22.333  INFO 78996 --- [http-nio-8080-exec-2] o.s.web.servlet.DispatcherServlet        : Initializing Servlet 'dispatcherServlet'
2022-08-03 11:59:22.338  INFO 78996 --- [http-nio-8080-exec-2] o.s.web.servlet.DispatcherServlet        : Completed initialization in 5 ms
2022-08-03 11:59:22.813  INFO 78996 --- [http-nio-8080-exec-2] org.mongodb.driver.connection            : Opened connection [connectionId{localValue:3, serverValue:192}] to localhost:27017
2022-08-03 11:59:39.725  INFO 78996 --- [http-nio-8080-exec-2] c.e.S.MongoDB.resources.BookController   : Updated book with id: 2
2022-08-03 12:03:18.517  INFO 79160 --- [main] c.e.S.M.SpringBootMongoDbApplication     : Starting SpringBootMongoDbApplication using Java 18.0.1.1 on LTB0273208-Mac.local with PID 79160 (/Users/b0273208/Downloads/SpringBoot-MongoDB/target/classes started by b0273208 in /Users/b0273208/Downloads/SpringBoot-MongoDB)
2022-08-03 12:03:18.520  INFO 79160 --- [main] c.e.S.M.SpringBootMongoDbApplication     : The following 1 profile is active: "repo"
2022-08-03 12:03:19.729  INFO 79160 --- [main] .s.d.r.c.RepositoryConfigurationDelegate : Multiple Spring Data modules found, entering strict repository configuration mode
2022-08-03 12:03:19.731  INFO 79160 --- [main] .s.d.r.c.RepositoryConfigurationDelegate : Bootstrapping Spring Data Elasticsearch repositories in DEFAULT mode.
2022-08-03 12:03:19.790  INFO 79160 --- [main] .RepositoryConfigurationExtensionSupport : Spring Data Elasticsearch - Could not safely identify store assignment for repository candidate interface com.example.SpringBoot.MongoDB.repository.BookRepository; If you want this repository to be a Elasticsearch repository, consider annotating your entities with one of these annotations: org.springframework.data.elasticsearch.annotations.Document (preferred), or consider extending one of the following types with your repository: org.springframework.data.elasticsearch.repository.ElasticsearchRepository, org.springframework.data.elasticsearch.repository.ElasticsearchRepository
2022-08-03 12:03:19.791  INFO 79160 --- [main] .s.d.r.c.RepositoryConfigurationDelegate : Finished Spring Data repository scanning in 54 ms. Found 0 Elasticsearch repository interfaces.
2022-08-03 12:03:19.801  INFO 79160 --- [main] .s.d.r.c.RepositoryConfigurationDelegate : Multiple Spring Data modules found, entering strict repository configuration mode
2022-08-03 12:03:19.802  INFO 79160 --- [main] .s.d.r.c.RepositoryConfigurationDelegate : Bootstrapping Spring Data Reactive Elasticsearch repositories in DEFAULT mode.
2022-08-03 12:03:19.806  INFO 79160 --- [main] .RepositoryConfigurationExtensionSupport : Spring Data Reactive Elasticsearch - Could not safely identify store assignment for repository candidate interface com.example.SpringBoot.MongoDB.repository.BookRepository; If you want this repository to be a Reactive Elasticsearch repository, consider annotating your entities with one of these annotations: org.springframework.data.elasticsearch.annotations.Document (preferred), or consider extending one of the following types with your repository: org.springframework.data.elasticsearch.repository.ReactiveElasticsearchRepository
2022-08-03 12:03:19.807  INFO 79160 --- [main] .s.d.r.c.RepositoryConfigurationDelegate : Finished Spring Data repository scanning in 3 ms. Found 0 Reactive Elasticsearch repository interfaces.
2022-08-03 12:03:19.841  INFO 79160 --- [main] .s.d.r.c.RepositoryConfigurationDelegate : Multiple Spring Data modules found, entering strict repository configuration mode
2022-08-03 12:03:19.841  INFO 79160 --- [main] .s.d.r.c.RepositoryConfigurationDelegate : Bootstrapping Spring Data MongoDB repositories in DEFAULT mode.
2022-08-03 12:03:19.896  INFO 79160 --- [main] .s.d.r.c.RepositoryConfigurationDelegate : Finished Spring Data repository scanning in 54 ms. Found 1 MongoDB repository interfaces.
2022-08-03 12:03:20.740  INFO 79160 --- [main] o.s.b.w.embedded.tomcat.TomcatWebServer  : Tomcat initialized with port(s): 8080 (http)
2022-08-03 12:03:20.753  INFO 79160 --- [main] o.apache.catalina.core.StandardService   : Starting service [Tomcat]
2022-08-03 12:03:20.754  INFO 79160 --- [main] org.apache.catalina.core.StandardEngine  : Starting Servlet engine: [Apache Tomcat/9.0.65]
2022-08-03 12:03:20.913  INFO 79160 --- [main] o.a.c.c.C.[Tomcat].[localhost].[/]       : Initializing Spring embedded WebApplicationContext
2022-08-03 12:03:20.914  INFO 79160 --- [main] w.s.c.ServletWebServerApplicationContext : Root WebApplicationContext: initialization completed in 2218 ms
2022-08-03 12:03:21.436  INFO 79160 --- [main] org.mongodb.driver.client                : MongoClient with metadata {"driver": {"name": "mongo-java-driver|sync|spring-boot", "version": "4.6.1"}, "os": {"type": "Darwin", "name": "Mac OS X", "architecture": "x86_64", "version": "12.2.1"}, "platform": "Java/Oracle Corporation/18.0.1.1+2-6"} created with settings MongoClientSettings{readPreference=primary, writeConcern=WriteConcern{w=null, wTimeout=null ms, journal=null}, retryWrites=true, retryReads=true, readConcern=ReadConcern{level=null}, credential=null, streamFactoryFactory=null, commandListeners=[], codecRegistry=ProvidersCodecRegistry{codecProviders=[ValueCodecProvider{}, BsonValueCodecProvider{}, DBRefCodecProvider{}, DBObjectCodecProvider{}, DocumentCodecProvider{}, IterableCodecProvider{}, MapCodecProvider{}, GeoJsonCodecProvider{}, GridFSFileCodecProvider{}, Jsr310CodecProvider{}, JsonObjectCodecProvider{}, BsonCodecProvider{}, EnumCodecProvider{}, com.mongodb.Jep395RecordCodecProvider@6468a7b6]}, clusterSettings={hosts=[localhost:27017], srvServiceName=mongodb, mode=SINGLE, requiredClusterType=UNKNOWN, requiredReplicaSetName='null', serverSelector='null', clusterListeners='[]', serverSelectionTimeout='30000 ms', localThreshold='30000 ms'}, socketSettings=SocketSettings{connectTimeoutMS=10000, readTimeoutMS=0, receiveBufferSize=0, sendBufferSize=0}, heartbeatSocketSettings=SocketSettings{connectTimeoutMS=10000, readTimeoutMS=10000, receiveBufferSize=0, sendBufferSize=0}, connectionPoolSettings=ConnectionPoolSettings{maxSize=100, minSize=0, maxWaitTimeMS=120000, maxConnectionLifeTimeMS=0, maxConnectionIdleTimeMS=0, maintenanceInitialDelayMS=0, maintenanceFrequencyMS=60000, connectionPoolListeners=[], maxConnecting=2}, serverSettings=ServerSettings{heartbeatFrequencyMS=10000, minHeartbeatFrequencyMS=500, serverListeners='[]', serverMonitorListeners='[]'}, sslSettings=SslSettings{enabled=false, invalidHostNameAllowed=false, context=null}, applicationName='null', compressorList=[], uuidRepresentation=JAVA_LEGACY, serverApi=null, autoEncryptionSettings=null, contextProvider=null}
2022-08-03 12:03:21.483  INFO 79160 --- [cluster-ClusterId{value='62ea16b14a505b6d7efe8b68', description='null'}-localhost:27017] org.mongodb.driver.connection            : Opened connection [connectionId{localValue:2, serverValue:194}] to localhost:27017
2022-08-03 12:03:21.483  INFO 79160 --- [cluster-rtt-ClusterId{value='62ea16b14a505b6d7efe8b68', description='null'}-localhost:27017] org.mongodb.driver.connection            : Opened connection [connectionId{localValue:1, serverValue:193}] to localhost:27017
2022-08-03 12:03:21.485  INFO 79160 --- [cluster-ClusterId{value='62ea16b14a505b6d7efe8b68', description='null'}-localhost:27017] org.mongodb.driver.cluster               : Monitor thread successfully connected to server with description ServerDescription{address=localhost:27017, type=STANDALONE, state=CONNECTED, ok=true, minWireVersion=0, maxWireVersion=17, maxDocumentSize=16777216, logicalSessionTimeoutMinutes=30, roundTripTimeNanos=28174666}
2022-08-03 12:03:21.615  WARN 79160 --- [main] o.s.data.convert.CustomConversions       : Registering converter from class java.time.LocalDateTime to class org.joda.time.LocalDateTime as reading converter although it doesn't convert from a store-supported type; You might want to check your annotation setup at the converter implementation
2022-08-03 12:03:21.799  WARN 79160 --- [main] o.s.data.convert.CustomConversions       : Registering converter from class java.time.LocalDateTime to class org.joda.time.LocalDateTime as reading converter although it doesn't convert from a store-supported type; You might want to check your annotation setup at the converter implementation
2022-08-03 12:03:24.019  INFO 79160 --- [main] o.s.b.w.embedded.tomcat.TomcatWebServer  : Tomcat started on port(s): 8080 (http) with context path ''
2022-08-03 12:03:24.047  INFO 79160 --- [main] c.e.S.M.SpringBootMongoDbApplication     : Started SpringBootMongoDbApplication in 6.327 seconds (JVM running for 7.139)
2022-08-03 12:03:26.543  INFO 79160 --- [http-nio-8080-exec-2] o.a.c.c.C.[Tomcat].[localhost].[/]       : Initializing Spring DispatcherServlet 'dispatcherServlet'
2022-08-03 12:03:26.545  INFO 79160 --- [http-nio-8080-exec-2] o.s.web.servlet.DispatcherServlet        : Initializing Servlet 'dispatcherServlet'
2022-08-03 12:03:26.551  INFO 79160 --- [http-nio-8080-exec-2] o.s.web.servlet.DispatcherServlet        : Completed initialization in 5 ms
2022-08-03 12:03:26.966  INFO 79160 --- [http-nio-8080-exec-2] org.mongodb.driver.connection            : Opened connection [connectionId{localValue:3, serverValue:195}] to localhost:27017
2022-08-03 12:03:36.011  INFO 79160 --- [http-nio-8080-exec-2] c.e.S.MongoDB.resources.BookController   : Updated book with id: 2
